<?xml version="1.0" encoding="UTF-8"?>
<testsuite xmlns:xsi="http://www.w3.org/2001/XMLSchema-instance" xsi:noNamespaceSchemaLocation="https://maven.apache.org/surefire/maven-surefire-plugin/xsd/surefire-test-report-3.0.xsd" version="3.0" name="works.buddy.samples.WorksWithHerokuServletTest" time="1.522" tests="1" errors="0" skipped="0" failures="0">
  <properties>
    <property name="java.specification.version" value="17"/>
    <property name="sun.jnu.encoding" value="UTF-8"/>
    <property name="java.class.path" value="/home/ec2-user/Repo/java-example/target/test-classes:/home/ec2-user/Repo/java-example/target/classes:/home/ec2-user/.m2/repository/jakarta/servlet/jakarta.servlet-api/5.0.0/jakarta.servlet-api-5.0.0.jar:/home/ec2-user/.m2/repository/org/junit/jupiter/junit-jupiter-api/5.8.2/junit-jupiter-api-5.8.2.jar:/home/ec2-user/.m2/repository/org/opentest4j/opentest4j/1.2.0/opentest4j-1.2.0.jar:/home/ec2-user/.m2/repository/org/junit/platform/junit-platform-commons/1.8.2/junit-platform-commons-1.8.2.jar:/home/ec2-user/.m2/repository/org/apiguardian/apiguardian-api/1.1.2/apiguardian-api-1.1.2.jar:/home/ec2-user/.m2/repository/org/junit/jupiter/junit-jupiter-engine/5.8.2/junit-jupiter-engine-5.8.2.jar:/home/ec2-user/.m2/repository/org/junit/platform/junit-platform-engine/1.8.2/junit-platform-engine-1.8.2.jar:/home/ec2-user/.m2/repository/org/eclipse/jetty/jetty-runner/9.4.40.v20210413/jetty-runner-9.4.40.v20210413.jar:/home/ec2-user/.m2/repository/org/eclipse/jetty/jetty-plus/9.4.40.v20210413/jetty-plus-9.4.40.v20210413.jar:/home/ec2-user/.m2/repository/org/eclipse/jetty/jetty-webapp/9.4.40.v20210413/jetty-webapp-9.4.40.v20210413.jar:/home/ec2-user/.m2/repository/org/eclipse/jetty/jetty-xml/9.4.40.v20210413/jetty-xml-9.4.40.v20210413.jar:/home/ec2-user/.m2/repository/org/eclipse/jetty/jetty-annotations/9.4.40.v20210413/jetty-annotations-9.4.40.v20210413.jar:/home/ec2-user/.m2/repository/javax/annotation/javax.annotation-api/1.3.2/javax.annotation-api-1.3.2.jar:/home/ec2-user/.m2/repository/org/ow2/asm/asm/9.0/asm-9.0.jar:/home/ec2-user/.m2/repository/org/ow2/asm/asm-commons/9.0/asm-commons-9.0.jar:/home/ec2-user/.m2/repository/org/ow2/asm/asm-tree/9.0/asm-tree-9.0.jar:/home/ec2-user/.m2/repository/org/ow2/asm/asm-analysis/9.0/asm-analysis-9.0.jar:/home/ec2-user/.m2/repository/org/eclipse/jetty/jetty-jaas/9.4.40.v20210413/jetty-jaas-9.4.40.v20210413.jar:/home/ec2-user/.m2/repository/org/eclipse/jetty/jetty-security/9.4.40.v20210413/jetty-security-9.4.40.v20210413.jar:/home/ec2-user/.m2/repository/org/eclipse/jetty/jetty-server/9.4.40.v20210413/jetty-server-9.4.40.v20210413.jar:/home/ec2-user/.m2/repository/org/eclipse/jetty/websocket/websocket-server/9.4.40.v20210413/websocket-server-9.4.40.v20210413.jar:/home/ec2-user/.m2/repository/org/eclipse/jetty/websocket/websocket-common/9.4.40.v20210413/websocket-common-9.4.40.v20210413.jar:/home/ec2-user/.m2/repository/org/eclipse/jetty/websocket/websocket-api/9.4.40.v20210413/websocket-api-9.4.40.v20210413.jar:/home/ec2-user/.m2/repository/org/eclipse/jetty/jetty-io/9.4.40.v20210413/jetty-io-9.4.40.v20210413.jar:/home/ec2-user/.m2/repository/org/eclipse/jetty/websocket/websocket-client/9.4.40.v20210413/websocket-client-9.4.40.v20210413.jar:/home/ec2-user/.m2/repository/org/eclipse/jetty/jetty-client/9.4.40.v20210413/jetty-client-9.4.40.v20210413.jar:/home/ec2-user/.m2/repository/org/eclipse/jetty/websocket/websocket-servlet/9.4.40.v20210413/websocket-servlet-9.4.40.v20210413.jar:/home/ec2-user/.m2/repository/org/eclipse/jetty/jetty-servlet/9.4.40.v20210413/jetty-servlet-9.4.40.v20210413.jar:/home/ec2-user/.m2/repository/org/eclipse/jetty/jetty-util-ajax/9.4.40.v20210413/jetty-util-ajax-9.4.40.v20210413.jar:/home/ec2-user/.m2/repository/org/eclipse/jetty/jetty-http/9.4.40.v20210413/jetty-http-9.4.40.v20210413.jar:/home/ec2-user/.m2/repository/org/eclipse/jetty/jetty-jndi/9.4.40.v20210413/jetty-jndi-9.4.40.v20210413.jar:/home/ec2-user/.m2/repository/org/eclipse/jetty/jetty-util/9.4.40.v20210413/jetty-util-9.4.40.v20210413.jar:/home/ec2-user/.m2/repository/org/eclipse/jetty/apache-jsp/9.4.40.v20210413/apache-jsp-9.4.40.v20210413.jar:/home/ec2-user/.m2/repository/org/eclipse/jetty/toolchain/jetty-schemas/3.1.2/jetty-schemas-3.1.2.jar:/home/ec2-user/.m2/repository/javax/servlet/javax.servlet-api/3.1.0/javax.servlet-api-3.1.0.jar:/home/ec2-user/.m2/repository/org/mortbay/jasper/apache-jsp/8.5.54/apache-jsp-8.5.54.jar:/home/ec2-user/.m2/repository/org/mortbay/jasper/apache-el/8.5.54/apache-el-8.5.54.jar:/home/ec2-user/.m2/repository/org/eclipse/jdt/ecj/3.19.0/ecj-3.19.0.jar:/home/ec2-user/.m2/repository/org/eclipse/jetty/apache-jstl/9.4.40.v20210413/apache-jstl-9.4.40.v20210413.jar:/home/ec2-user/.m2/repository/org/apache/taglibs/taglibs-standard-spec/1.2.5/taglibs-standard-spec-1.2.5.jar:/home/ec2-user/.m2/repository/org/apache/taglibs/taglibs-standard-impl/1.2.5/taglibs-standard-impl-1.2.5.jar:/home/ec2-user/.m2/repository/org/mockito/mockito-junit-jupiter/4.0.0/mockito-junit-jupiter-4.0.0.jar:/home/ec2-user/.m2/repository/org/mockito/mockito-core/4.0.0/mockito-core-4.0.0.jar:/home/ec2-user/.m2/repository/net/bytebuddy/byte-buddy/1.11.19/byte-buddy-1.11.19.jar:/home/ec2-user/.m2/repository/net/bytebuddy/byte-buddy-agent/1.11.19/byte-buddy-agent-1.11.19.jar:/home/ec2-user/.m2/repository/org/objenesis/objenesis/3.2/objenesis-3.2.jar:"/>
    <property name="java.vm.vendor" value="Red Hat, Inc."/>
    <property name="sun.arch.data.model" value="64"/>
    <property name="java.vendor.url" value="https://www.redhat.com/"/>
    <property name="os.name" value="Linux"/>
    <property name="java.vm.specification.version" value="17"/>
    <property name="sun.java.launcher" value="SUN_STANDARD"/>
    <property name="user.country" value="US"/>
    <property name="sun.boot.library.path" value="/usr/lib/jvm/java-17-openjdk-17.0.14.0.7-2.el9.x86_64/lib"/>
    <property name="sun.java.command" value="/home/ec2-user/Repo/java-example/target/surefire/surefirebooter-20250227161224522_3.jar /home/ec2-user/Repo/java-example/target/surefire 2025-02-27T16-12-24_348-jvmRun1 surefire-20250227161224522_1tmp surefire_0-20250227161224522_2tmp"/>
    <property name="jdk.debug" value="release"/>
    <property name="surefire.test.class.path" value="/home/ec2-user/Repo/java-example/target/test-classes:/home/ec2-user/Repo/java-example/target/classes:/home/ec2-user/.m2/repository/jakarta/servlet/jakarta.servlet-api/5.0.0/jakarta.servlet-api-5.0.0.jar:/home/ec2-user/.m2/repository/org/junit/jupiter/junit-jupiter-api/5.8.2/junit-jupiter-api-5.8.2.jar:/home/ec2-user/.m2/repository/org/opentest4j/opentest4j/1.2.0/opentest4j-1.2.0.jar:/home/ec2-user/.m2/repository/org/junit/platform/junit-platform-commons/1.8.2/junit-platform-commons-1.8.2.jar:/home/ec2-user/.m2/repository/org/apiguardian/apiguardian-api/1.1.2/apiguardian-api-1.1.2.jar:/home/ec2-user/.m2/repository/org/junit/jupiter/junit-jupiter-engine/5.8.2/junit-jupiter-engine-5.8.2.jar:/home/ec2-user/.m2/repository/org/junit/platform/junit-platform-engine/1.8.2/junit-platform-engine-1.8.2.jar:/home/ec2-user/.m2/repository/org/eclipse/jetty/jetty-runner/9.4.40.v20210413/jetty-runner-9.4.40.v20210413.jar:/home/ec2-user/.m2/repository/org/eclipse/jetty/jetty-plus/9.4.40.v20210413/jetty-plus-9.4.40.v20210413.jar:/home/ec2-user/.m2/repository/org/eclipse/jetty/jetty-webapp/9.4.40.v20210413/jetty-webapp-9.4.40.v20210413.jar:/home/ec2-user/.m2/repository/org/eclipse/jetty/jetty-xml/9.4.40.v20210413/jetty-xml-9.4.40.v20210413.jar:/home/ec2-user/.m2/repository/org/eclipse/jetty/jetty-annotations/9.4.40.v20210413/jetty-annotations-9.4.40.v20210413.jar:/home/ec2-user/.m2/repository/javax/annotation/javax.annotation-api/1.3.2/javax.annotation-api-1.3.2.jar:/home/ec2-user/.m2/repository/org/ow2/asm/asm/9.0/asm-9.0.jar:/home/ec2-user/.m2/repository/org/ow2/asm/asm-commons/9.0/asm-commons-9.0.jar:/home/ec2-user/.m2/repository/org/ow2/asm/asm-tree/9.0/asm-tree-9.0.jar:/home/ec2-user/.m2/repository/org/ow2/asm/asm-analysis/9.0/asm-analysis-9.0.jar:/home/ec2-user/.m2/repository/org/eclipse/jetty/jetty-jaas/9.4.40.v20210413/jetty-jaas-9.4.40.v20210413.jar:/home/ec2-user/.m2/repository/org/eclipse/jetty/jetty-security/9.4.40.v20210413/jetty-security-9.4.40.v20210413.jar:/home/ec2-user/.m2/repository/org/eclipse/jetty/jetty-server/9.4.40.v20210413/jetty-server-9.4.40.v20210413.jar:/home/ec2-user/.m2/repository/org/eclipse/jetty/websocket/websocket-server/9.4.40.v20210413/websocket-server-9.4.40.v20210413.jar:/home/ec2-user/.m2/repository/org/eclipse/jetty/websocket/websocket-common/9.4.40.v20210413/websocket-common-9.4.40.v20210413.jar:/home/ec2-user/.m2/repository/org/eclipse/jetty/websocket/websocket-api/9.4.40.v20210413/websocket-api-9.4.40.v20210413.jar:/home/ec2-user/.m2/repository/org/eclipse/jetty/jetty-io/9.4.40.v20210413/jetty-io-9.4.40.v20210413.jar:/home/ec2-user/.m2/repository/org/eclipse/jetty/websocket/websocket-client/9.4.40.v20210413/websocket-client-9.4.40.v20210413.jar:/home/ec2-user/.m2/repository/org/eclipse/jetty/jetty-client/9.4.40.v20210413/jetty-client-9.4.40.v20210413.jar:/home/ec2-user/.m2/repository/org/eclipse/jetty/websocket/websocket-servlet/9.4.40.v20210413/websocket-servlet-9.4.40.v20210413.jar:/home/ec2-user/.m2/repository/org/eclipse/jetty/jetty-servlet/9.4.40.v20210413/jetty-servlet-9.4.40.v20210413.jar:/home/ec2-user/.m2/repository/org/eclipse/jetty/jetty-util-ajax/9.4.40.v20210413/jetty-util-ajax-9.4.40.v20210413.jar:/home/ec2-user/.m2/repository/org/eclipse/jetty/jetty-http/9.4.40.v20210413/jetty-http-9.4.40.v20210413.jar:/home/ec2-user/.m2/repository/org/eclipse/jetty/jetty-jndi/9.4.40.v20210413/jetty-jndi-9.4.40.v20210413.jar:/home/ec2-user/.m2/repository/org/eclipse/jetty/jetty-util/9.4.40.v20210413/jetty-util-9.4.40.v20210413.jar:/home/ec2-user/.m2/repository/org/eclipse/jetty/apache-jsp/9.4.40.v20210413/apache-jsp-9.4.40.v20210413.jar:/home/ec2-user/.m2/repository/org/eclipse/jetty/toolchain/jetty-schemas/3.1.2/jetty-schemas-3.1.2.jar:/home/ec2-user/.m2/repository/javax/servlet/javax.servlet-api/3.1.0/javax.servlet-api-3.1.0.jar:/home/ec2-user/.m2/repository/org/mortbay/jasper/apache-jsp/8.5.54/apache-jsp-8.5.54.jar:/home/ec2-user/.m2/repository/org/mortbay/jasper/apache-el/8.5.54/apache-el-8.5.54.jar:/home/ec2-user/.m2/repository/org/eclipse/jdt/ecj/3.19.0/ecj-3.19.0.jar:/home/ec2-user/.m2/repository/org/eclipse/jetty/apache-jstl/9.4.40.v20210413/apache-jstl-9.4.40.v20210413.jar:/home/ec2-user/.m2/repository/org/apache/taglibs/taglibs-standard-spec/1.2.5/taglibs-standard-spec-1.2.5.jar:/home/ec2-user/.m2/repository/org/apache/taglibs/taglibs-standard-impl/1.2.5/taglibs-standard-impl-1.2.5.jar:/home/ec2-user/.m2/repository/org/mockito/mockito-junit-jupiter/4.0.0/mockito-junit-jupiter-4.0.0.jar:/home/ec2-user/.m2/repository/org/mockito/mockito-core/4.0.0/mockito-core-4.0.0.jar:/home/ec2-user/.m2/repository/net/bytebuddy/byte-buddy/1.11.19/byte-buddy-1.11.19.jar:/home/ec2-user/.m2/repository/net/bytebuddy/byte-buddy-agent/1.11.19/byte-buddy-agent-1.11.19.jar:/home/ec2-user/.m2/repository/org/objenesis/objenesis/3.2/objenesis-3.2.jar:"/>
    <property name="sun.cpu.endian" value="little"/>
    <property name="user.home" value="/home/ec2-user"/>
    <property name="user.language" value="en"/>
    <property name="java.specification.vendor" value="Oracle Corporation"/>
    <property name="java.version.date" value="2025-01-21"/>
    <property name="java.home" value="/usr/lib/jvm/java-17-openjdk-17.0.14.0.7-2.el9.x86_64"/>
    <property name="file.separator" value="/"/>
    <property name="basedir" value="/home/ec2-user/Repo/java-example"/>
    <property name="java.vm.compressedOopsMode" value="32-bit"/>
    <property name="line.separator" value="&#10;"/>
    <property name="java.specification.name" value="Java Platform API Specification"/>
    <property name="java.vm.specification.vendor" value="Oracle Corporation"/>
    <property name="surefire.real.class.path" value="/home/ec2-user/Repo/java-example/target/surefire/surefirebooter-20250227161224522_3.jar"/>
    <property name="sun.management.compiler" value="HotSpot 64-Bit Tiered Compilers"/>
    <property name="java.runtime.version" value="17.0.14+7-LTS"/>
    <property name="user.name" value="ec2-user"/>
    <property name="path.separator" value=":"/>
    <property name="os.version" value="5.14.0-503.26.1.el9_5.x86_64"/>
    <property name="java.runtime.name" value="OpenJDK Runtime Environment"/>
    <property name="file.encoding" value="UTF-8"/>
    <property name="java.vm.name" value="OpenJDK 64-Bit Server VM"/>
    <property name="java.vendor.version" value="(Red_Hat-17.0.14.0.7-1)"/>
    <property name="localRepository" value="/home/ec2-user/.m2/repository"/>
    <property name="java.vendor.url.bug" value="https://access.redhat.com/support/cases/"/>
    <property name="java.io.tmpdir" value="/tmp"/>
    <property name="java.version" value="17.0.14"/>
    <property name="user.dir" value="/home/ec2-user/Repo/java-example"/>
    <property name="os.arch" value="amd64"/>
    <property name="java.vm.specification.name" value="Java Virtual Machine Specification"/>
    <property name="native.encoding" value="UTF-8"/>
    <property name="java.library.path" value="/usr/java/packages/lib:/usr/lib64:/lib64:/lib:/usr/lib"/>
    <property name="java.vm.info" value="mixed mode, sharing"/>
    <property name="java.vendor" value="Red Hat, Inc."/>
    <property name="java.vm.version" value="17.0.14+7-LTS"/>
    <property name="java.specification.maintenance.version" value="1"/>
    <property name="sun.io.unicode.encoding" value="UnicodeLittle"/>
    <property name="java.class.version" value="61.0"/>
  </properties>
  <testcase name="testDoGet" classname="works.buddy.samples.WorksWithHerokuServletTest" time="1.417"/>
</testsuite>